Determining if the pthread_create exist failed with the following output:
Change Dir: /home/pi/RCR/2018/ros_catkin_ws/build_isolated/roscpp/CMakeFiles/CMakeTmp

Run Build Command:"/usr/bin/make" "cmTC_37985/fast"
/usr/bin/make -f CMakeFiles/cmTC_37985.dir/build.make CMakeFiles/cmTC_37985.dir/build
make[1]: Entering directory '/home/pi/RCR/2018/ros_catkin_ws/build_isolated/roscpp/CMakeFiles/CMakeTmp'
Building C object CMakeFiles/cmTC_37985.dir/CheckSymbolExists.c.o
/usr/bin/cc     -o CMakeFiles/cmTC_37985.dir/CheckSymbolExists.c.o   -c /home/pi/RCR/2018/ros_catkin_ws/build_isolated/roscpp/CMakeFiles/CMakeTmp/CheckSymbolExists.c
Linking C executable cmTC_37985
/usr/bin/cmake -E cmake_link_script CMakeFiles/cmTC_37985.dir/link.txt --verbose=1
/usr/bin/cc       CMakeFiles/cmTC_37985.dir/CheckSymbolExists.c.o  -o cmTC_37985 -rdynamic 
CMakeFiles/cmTC_37985.dir/CheckSymbolExists.c.o: In function `main':
CheckSymbolExists.c:(.text+0x38): undefined reference to `pthread_create'
collect2: error: ld returned 1 exit status
CMakeFiles/cmTC_37985.dir/build.make:97: recipe for target 'cmTC_37985' failed
make[1]: *** [cmTC_37985] Error 1
make[1]: Leaving directory '/home/pi/RCR/2018/ros_catkin_ws/build_isolated/roscpp/CMakeFiles/CMakeTmp'
Makefile:126: recipe for target 'cmTC_37985/fast' failed
make: *** [cmTC_37985/fast] Error 2

File /home/pi/RCR/2018/ros_catkin_ws/build_isolated/roscpp/CMakeFiles/CMakeTmp/CheckSymbolExists.c:
/* */
#include <pthread.h>

int main(int argc, char** argv)
{
  (void)argv;
#ifndef pthread_create
  return ((int*)(&pthread_create))[argc];
#else
  (void)argc;
  return 0;
#endif
}

Determining if the function pthread_create exists in the pthreads failed with the following output:
Change Dir: /home/pi/RCR/2018/ros_catkin_ws/build_isolated/roscpp/CMakeFiles/CMakeTmp

Run Build Command:"/usr/bin/make" "cmTC_108fb/fast"
/usr/bin/make -f CMakeFiles/cmTC_108fb.dir/build.make CMakeFiles/cmTC_108fb.dir/build
make[1]: Entering directory '/home/pi/RCR/2018/ros_catkin_ws/build_isolated/roscpp/CMakeFiles/CMakeTmp'
Building C object CMakeFiles/cmTC_108fb.dir/CheckFunctionExists.c.o
/usr/bin/cc    -DCHECK_FUNCTION_EXISTS=pthread_create   -o CMakeFiles/cmTC_108fb.dir/CheckFunctionExists.c.o   -c /usr/share/cmake-3.7/Modules/CheckFunctionExists.c
Linking C executable cmTC_108fb
/usr/bin/cmake -E cmake_link_script CMakeFiles/cmTC_108fb.dir/link.txt --verbose=1
/usr/bin/cc   -DCHECK_FUNCTION_EXISTS=pthread_create    CMakeFiles/cmTC_108fb.dir/CheckFunctionExists.c.o  -o cmTC_108fb -rdynamic -lpthreads 
/usr/bin/ld: cannot find -lpthreads
collect2: error: ld returned 1 exit status
CMakeFiles/cmTC_108fb.dir/build.make:97: recipe for target 'cmTC_108fb' failed
make[1]: *** [cmTC_108fb] Error 1
make[1]: Leaving directory '/home/pi/RCR/2018/ros_catkin_ws/build_isolated/roscpp/CMakeFiles/CMakeTmp'
Makefile:126: recipe for target 'cmTC_108fb/fast' failed
make: *** [cmTC_108fb/fast] Error 2


Determining if the function trunc exists failed with the following output:
Change Dir: /home/pi/RCR/2018/ros_catkin_ws/build_isolated/roscpp/CMakeFiles/CMakeTmp

Run Build Command:"/usr/bin/make" "cmTC_39360/fast"
/usr/bin/make -f CMakeFiles/cmTC_39360.dir/build.make CMakeFiles/cmTC_39360.dir/build
make[1]: Entering directory '/home/pi/RCR/2018/ros_catkin_ws/build_isolated/roscpp/CMakeFiles/CMakeTmp'
Building C object CMakeFiles/cmTC_39360.dir/CheckFunctionExists.c.o
/usr/bin/cc    -DCHECK_FUNCTION_EXISTS=trunc   -o CMakeFiles/cmTC_39360.dir/CheckFunctionExists.c.o   -c /usr/share/cmake-3.7/Modules/CheckFunctionExists.c
<command-line>:0:23: warning: conflicting types for built-in function ‘trunc’
/usr/share/cmake-3.7/Modules/CheckFunctionExists.c:7:3: note: in expansion of macro ‘CHECK_FUNCTION_EXISTS’
   CHECK_FUNCTION_EXISTS();
   ^~~~~~~~~~~~~~~~~~~~~
Linking C executable cmTC_39360
/usr/bin/cmake -E cmake_link_script CMakeFiles/cmTC_39360.dir/link.txt --verbose=1
/usr/bin/cc   -DCHECK_FUNCTION_EXISTS=trunc    CMakeFiles/cmTC_39360.dir/CheckFunctionExists.c.o  -o cmTC_39360 -rdynamic 
CMakeFiles/cmTC_39360.dir/CheckFunctionExists.c.o: In function `main':
CheckFunctionExists.c:(.text+0x14): undefined reference to `trunc'
collect2: error: ld returned 1 exit status
CMakeFiles/cmTC_39360.dir/build.make:97: recipe for target 'cmTC_39360' failed
make[1]: *** [cmTC_39360] Error 1
make[1]: Leaving directory '/home/pi/RCR/2018/ros_catkin_ws/build_isolated/roscpp/CMakeFiles/CMakeTmp'
Makefile:126: recipe for target 'cmTC_39360/fast' failed
make: *** [cmTC_39360/fast] Error 2


